{"E:\\1. SocialPilot\\Internship 9123-9723\\C1 - JS Course\\Practice Files\\SP_Tasks\\Koa\\middlewares.js": {"path":"E:\\1. SocialPilot\\Internship 9123-9723\\C1 - JS Course\\Practice Files\\SP_Tasks\\Koa\\middlewares.js","statementMap":{"0":{"start":{"line":2,"column":31},"end":{"line":14,"column":1}},"1":{"start":{"line":3,"column":18},"end":{"line":3,"column":44}},"2":{"start":{"line":4,"column":27},"end":{"line":4,"column":50}},"3":{"start":{"line":5,"column":2},"end":{"line":12,"column":3}},"4":{"start":{"line":6,"column":4},"end":{"line":10,"column":6}},"5":{"start":{"line":11,"column":4},"end":{"line":11,"column":11}},"6":{"start":{"line":13,"column":2},"end":{"line":13,"column":15}}},"fnMap":{"0":{"name":"(anonymous_0)","decl":{"start":{"line":2,"column":31},"end":{"line":2,"column":32}},"loc":{"start":{"line":2,"column":58},"end":{"line":14,"column":1}},"line":2}},"branchMap":{"0":{"loc":{"start":{"line":5,"column":2},"end":{"line":12,"column":3}},"type":"if","locations":[{"start":{"line":5,"column":2},"end":{"line":12,"column":3}},{"start":{},"end":{}}],"line":5}},"s":{"0":1,"1":3,"2":3,"3":3,"4":1,"5":1,"6":2},"f":{"0":3},"b":{"0":[1,2]},"_coverageSchema":"1a1c01bbd47fc00a2c39e90264f33305004495a9","hash":"f67db8b2f3b0f727eeee61ab4cb1d7bf3c5baddc"}
,"E:\\1. SocialPilot\\Internship 9123-9723\\C1 - JS Course\\Practice Files\\SP_Tasks\\Koa\\controllers\\controller.js": {"path":"E:\\1. SocialPilot\\Internship 9123-9723\\C1 - JS Course\\Practice Files\\SP_Tasks\\Koa\\controllers\\controller.js","statementMap":{"0":{"start":{"line":4,"column":20},"end":{"line":6,"column":1}},"1":{"start":{"line":5,"column":2},"end":{"line":5,"column":36}},"2":{"start":{"line":8,"column":29},"end":{"line":68,"column":1}},"3":{"start":{"line":10,"column":18},"end":{"line":10,"column":64}},"4":{"start":{"line":13,"column":15},"end":{"line":13,"column":36}},"5":{"start":{"line":14,"column":2},"end":{"line":17,"column":3}},"6":{"start":{"line":15,"column":4},"end":{"line":15,"column":77}},"7":{"start":{"line":16,"column":4},"end":{"line":16,"column":11}},"8":{"start":{"line":20,"column":2},"end":{"line":27,"column":3}},"9":{"start":{"line":21,"column":4},"end":{"line":25,"column":6}},"10":{"start":{"line":26,"column":4},"end":{"line":26,"column":11}},"11":{"start":{"line":28,"column":17},"end":{"line":28,"column":19}},"12":{"start":{"line":30,"column":2},"end":{"line":64,"column":7}},"13":{"start":{"line":34,"column":21},"end":{"line":34,"column":23}},"14":{"start":{"line":35,"column":6},"end":{"line":40,"column":7}},"15":{"start":{"line":36,"column":8},"end":{"line":39,"column":9}},"16":{"start":{"line":37,"column":10},"end":{"line":37,"column":35}},"17":{"start":{"line":38,"column":10},"end":{"line":38,"column":16}},"18":{"start":{"line":43,"column":16},"end":{"line":43,"column":18}},"19":{"start":{"line":44,"column":6},"end":{"line":53,"column":7}},"20":{"start":{"line":45,"column":8},"end":{"line":52,"column":11}},"21":{"start":{"line":46,"column":10},"end":{"line":51,"column":11}},"22":{"start":{"line":47,"column":12},"end":{"line":50,"column":13}},"23":{"start":{"line":48,"column":14},"end":{"line":48,"column":57}},"24":{"start":{"line":49,"column":14},"end":{"line":49,"column":20}},"25":{"start":{"line":54,"column":17},"end":{"line":60,"column":7}},"26":{"start":{"line":63,"column":6},"end":{"line":63,"column":53}},"27":{"start":{"line":63,"column":35},"end":{"line":63,"column":53}},"28":{"start":{"line":67,"column":2},"end":{"line":67,"column":24}},"29":{"start":{"line":70,"column":28},"end":{"line":77,"column":1}},"30":{"start":{"line":71,"column":2},"end":{"line":75,"column":4}},"31":{"start":{"line":76,"column":2},"end":{"line":76,"column":9}}},"fnMap":{"0":{"name":"(anonymous_0)","decl":{"start":{"line":4,"column":20},"end":{"line":4,"column":21}},"loc":{"start":{"line":4,"column":27},"end":{"line":6,"column":1}},"line":4},"1":{"name":"(anonymous_1)","decl":{"start":{"line":8,"column":29},"end":{"line":8,"column":30}},"loc":{"start":{"line":8,"column":42},"end":{"line":68,"column":1}},"line":8},"2":{"name":"(anonymous_2)","decl":{"start":{"line":32,"column":22},"end":{"line":32,"column":23}},"loc":{"start":{"line":32,"column":29},"end":{"line":64,"column":5}},"line":32},"3":{"name":"(anonymous_3)","decl":{"start":{"line":45,"column":43},"end":{"line":45,"column":44}},"loc":{"start":{"line":45,"column":54},"end":{"line":52,"column":9}},"line":45},"4":{"name":"(anonymous_4)","decl":{"start":{"line":70,"column":28},"end":{"line":70,"column":29}},"loc":{"start":{"line":70,"column":41},"end":{"line":77,"column":1}},"line":70}},"branchMap":{"0":{"loc":{"start":{"line":10,"column":18},"end":{"line":10,"column":64}},"type":"binary-expr","locations":[{"start":{"line":10,"column":18},"end":{"line":10,"column":36}},{"start":{"line":10,"column":40},"end":{"line":10,"column":64}}],"line":10},"1":{"loc":{"start":{"line":14,"column":2},"end":{"line":17,"column":3}},"type":"if","locations":[{"start":{"line":14,"column":2},"end":{"line":17,"column":3}},{"start":{},"end":{}}],"line":14},"2":{"loc":{"start":{"line":14,"column":6},"end":{"line":14,"column":25}},"type":"binary-expr","locations":[{"start":{"line":14,"column":6},"end":{"line":14,"column":11}},{"start":{"line":14,"column":15},"end":{"line":14,"column":25}}],"line":14},"3":{"loc":{"start":{"line":20,"column":2},"end":{"line":27,"column":3}},"type":"if","locations":[{"start":{"line":20,"column":2},"end":{"line":27,"column":3}},{"start":{},"end":{}}],"line":20},"4":{"loc":{"start":{"line":20,"column":6},"end":{"line":20,"column":47}},"type":"binary-expr","locations":[{"start":{"line":20,"column":6},"end":{"line":20,"column":15}},{"start":{"line":20,"column":19},"end":{"line":20,"column":47}}],"line":20},"5":{"loc":{"start":{"line":30,"column":2},"end":{"line":64,"column":6}},"type":"binary-expr","locations":[{"start":{"line":30,"column":2},"end":{"line":30,"column":6}},{"start":{"line":31,"column":4},"end":{"line":31,"column":13}},{"start":{"line":32,"column":4},"end":{"line":64,"column":6}}],"line":30},"6":{"loc":{"start":{"line":35,"column":23},"end":{"line":35,"column":59}},"type":"binary-expr","locations":[{"start":{"line":35,"column":23},"end":{"line":35,"column":36}},{"start":{"line":35,"column":40},"end":{"line":35,"column":59}}],"line":35},"7":{"loc":{"start":{"line":36,"column":8},"end":{"line":39,"column":9}},"type":"if","locations":[{"start":{"line":36,"column":8},"end":{"line":39,"column":9}},{"start":{},"end":{}}],"line":36},"8":{"loc":{"start":{"line":44,"column":6},"end":{"line":53,"column":7}},"type":"if","locations":[{"start":{"line":44,"column":6},"end":{"line":53,"column":7}},{"start":{},"end":{}}],"line":44},"9":{"loc":{"start":{"line":44,"column":10},"end":{"line":44,"column":55}},"type":"binary-expr","locations":[{"start":{"line":44,"column":10},"end":{"line":44,"column":25}},{"start":{"line":44,"column":29},"end":{"line":44,"column":55}}],"line":44},"10":{"loc":{"start":{"line":46,"column":26},"end":{"line":46,"column":62}},"type":"binary-expr","locations":[{"start":{"line":46,"column":26},"end":{"line":46,"column":39}},{"start":{"line":46,"column":43},"end":{"line":46,"column":62}}],"line":46},"11":{"loc":{"start":{"line":47,"column":12},"end":{"line":50,"column":13}},"type":"if","locations":[{"start":{"line":47,"column":12},"end":{"line":50,"column":13}},{"start":{},"end":{}}],"line":47},"12":{"loc":{"start":{"line":47,"column":16},"end":{"line":47,"column":79}},"type":"binary-expr","locations":[{"start":{"line":47,"column":17},"end":{"line":47,"column":24}},{"start":{"line":47,"column":28},"end":{"line":47,"column":49}},{"start":{"line":47,"column":54},"end":{"line":47,"column":79}}],"line":47},"13":{"loc":{"start":{"line":48,"column":23},"end":{"line":48,"column":55}},"type":"binary-expr","locations":[{"start":{"line":48,"column":23},"end":{"line":48,"column":30}},{"start":{"line":48,"column":34},"end":{"line":48,"column":55}}],"line":48},"14":{"loc":{"start":{"line":63,"column":6},"end":{"line":63,"column":53}},"type":"if","locations":[{"start":{"line":63,"column":6},"end":{"line":63,"column":53}},{"start":{},"end":{}}],"line":63}},"s":{"0":1,"1":1,"2":1,"3":2,"4":2,"5":2,"6":0,"7":0,"8":2,"9":1,"10":1,"11":1,"12":1,"13":10,"14":10,"15":55,"16":10,"17":10,"18":10,"19":10,"20":2,"21":2,"22":3,"23":2,"24":2,"25":10,"26":10,"27":10,"28":1,"29":1,"30":1,"31":1},"f":{"0":1,"1":2,"2":10,"3":2,"4":1},"b":{"0":[2,0],"1":[0,2],"2":[2,2],"3":[1,1],"4":[2,2],"5":[1,1,1],"6":[10,10],"7":[10,45],"8":[2,8],"9":[10,2],"10":[2,2],"11":[2,1],"12":[3,0,3],"13":[2,0],"14":[10,0]},"_coverageSchema":"1a1c01bbd47fc00a2c39e90264f33305004495a9","hash":"4f98859ed611a9b43a943d3e992ec56372890d4f"}
,"E:\\1. SocialPilot\\Internship 9123-9723\\C1 - JS Course\\Practice Files\\SP_Tasks\\Koa\\errors\\errorHandler.js": {"path":"E:\\1. SocialPilot\\Internship 9123-9723\\C1 - JS Course\\Practice Files\\SP_Tasks\\Koa\\errors\\errorHandler.js","statementMap":{"0":{"start":{"line":1,"column":27},"end":{"line":4,"column":1}},"1":{"start":{"line":2,"column":2},"end":{"line":2,"column":66}},"2":{"start":{"line":3,"column":2},"end":{"line":3,"column":22}}},"fnMap":{"0":{"name":"(anonymous_0)","decl":{"start":{"line":1,"column":27},"end":{"line":1,"column":28}},"loc":{"start":{"line":1,"column":59},"end":{"line":4,"column":1}},"line":1}},"branchMap":{},"s":{"0":1,"1":3,"2":3},"f":{"0":3},"b":{},"_coverageSchema":"1a1c01bbd47fc00a2c39e90264f33305004495a9","hash":"5d040661f58666f4792e0c0581c5ea01cba457a9"}
,"E:\\1. SocialPilot\\Internship 9123-9723\\C1 - JS Course\\Practice Files\\SP_Tasks\\Koa\\helpers\\helper.js": {"path":"E:\\1. SocialPilot\\Internship 9123-9723\\C1 - JS Course\\Practice Files\\SP_Tasks\\Koa\\helpers\\helper.js","statementMap":{"0":{"start":{"line":3,"column":0},"end":{"line":3,"column":13}},"1":{"start":{"line":4,"column":22},"end":{"line":8,"column":1}},"2":{"start":{"line":10,"column":22},"end":{"line":20,"column":1}},"3":{"start":{"line":11,"column":2},"end":{"line":19,"column":3}},"4":{"start":{"line":12,"column":17},"end":{"line":14,"column":159}},"5":{"start":{"line":15,"column":21},"end":{"line":15,"column":50}},"6":{"start":{"line":16,"column":4},"end":{"line":16,"column":16}},"7":{"start":{"line":18,"column":4},"end":{"line":18,"column":21}}},"fnMap":{"0":{"name":"(anonymous_0)","decl":{"start":{"line":10,"column":22},"end":{"line":10,"column":23}},"loc":{"start":{"line":10,"column":47},"end":{"line":20,"column":1}},"line":10}},"branchMap":{},"s":{"0":1,"1":1,"2":1,"3":8,"4":8,"5":8,"6":6,"7":2},"f":{"0":8},"b":{},"_coverageSchema":"1a1c01bbd47fc00a2c39e90264f33305004495a9","hash":"b44f4a6dc5d09e5acdfeed007974c1a254bf4902"}
,"E:\\1. SocialPilot\\Internship 9123-9723\\C1 - JS Course\\Practice Files\\SP_Tasks\\Koa\\routes\\routes.js": {"path":"E:\\1. SocialPilot\\Internship 9123-9723\\C1 - JS Course\\Practice Files\\SP_Tasks\\Koa\\routes\\routes.js","statementMap":{"0":{"start":{"line":3,"column":15},"end":{"line":3,"column":30}},"1":{"start":{"line":6,"column":0},"end":{"line":6,"column":22}},"2":{"start":{"line":8,"column":0},"end":{"line":8,"column":64}},"3":{"start":{"line":10,"column":0},"end":{"line":10,"column":31}}},"fnMap":{},"branchMap":{},"s":{"0":1,"1":1,"2":1,"3":1},"f":{},"b":{},"_coverageSchema":"1a1c01bbd47fc00a2c39e90264f33305004495a9","hash":"a4aab2608e42bc9fb7ca47af454cea2fe675016b"}
}
