TN:
SF:middlewares.js
FN:2,(anonymous_0)
FNF:1
FNH:1
FNDA:3,(anonymous_0)
DA:2,1
DA:3,3
DA:4,3
DA:5,3
DA:6,1
DA:11,1
DA:13,2
LF:7
LH:7
BRDA:5,0,0,1
BRDA:5,0,1,2
BRF:2
BRH:2
end_of_record
TN:
SF:controllers\controller.js
FN:4,(anonymous_0)
FN:8,(anonymous_1)
FN:32,(anonymous_2)
FN:45,(anonymous_3)
FN:70,(anonymous_4)
FNF:5
FNH:5
FNDA:1,(anonymous_0)
FNDA:2,(anonymous_1)
FNDA:10,(anonymous_2)
FNDA:2,(anonymous_3)
FNDA:1,(anonymous_4)
DA:4,1
DA:5,1
DA:8,1
DA:10,2
DA:13,2
DA:14,2
DA:15,0
DA:16,0
DA:20,2
DA:21,1
DA:26,1
DA:28,1
DA:30,1
DA:34,10
DA:35,10
DA:36,55
DA:37,10
DA:38,10
DA:43,10
DA:44,10
DA:45,2
DA:46,2
DA:47,3
DA:48,2
DA:49,2
DA:54,10
DA:63,10
DA:67,1
DA:70,1
DA:71,1
DA:76,1
LF:31
LH:29
BRDA:10,0,0,2
BRDA:10,0,1,0
BRDA:14,1,0,0
BRDA:14,1,1,2
BRDA:14,2,0,2
BRDA:14,2,1,2
BRDA:20,3,0,1
BRDA:20,3,1,1
BRDA:20,4,0,2
BRDA:20,4,1,2
BRDA:30,5,0,1
BRDA:30,5,1,1
BRDA:30,5,2,1
BRDA:35,6,0,10
BRDA:35,6,1,10
BRDA:36,7,0,10
BRDA:36,7,1,45
BRDA:44,8,0,2
BRDA:44,8,1,8
BRDA:44,9,0,10
BRDA:44,9,1,2
BRDA:46,10,0,2
BRDA:46,10,1,2
BRDA:47,11,0,2
BRDA:47,11,1,1
BRDA:47,12,0,3
BRDA:47,12,1,0
BRDA:47,12,2,3
BRDA:48,13,0,2
BRDA:48,13,1,0
BRDA:63,14,0,10
BRDA:63,14,1,0
BRF:32
BRH:27
end_of_record
TN:
SF:errors\errorHandler.js
FN:1,(anonymous_0)
FNF:1
FNH:1
FNDA:3,(anonymous_0)
DA:1,1
DA:2,3
DA:3,3
LF:3
LH:3
BRF:0
BRH:0
end_of_record
TN:
SF:helpers\helper.js
FN:10,(anonymous_0)
FNF:1
FNH:1
FNDA:8,(anonymous_0)
DA:3,1
DA:4,1
DA:10,1
DA:11,8
DA:12,8
DA:15,8
DA:16,6
DA:18,2
LF:8
LH:8
BRF:0
BRH:0
end_of_record
TN:
SF:routes\routes.js
FNF:0
FNH:0
DA:3,1
DA:6,1
DA:8,1
DA:10,1
LF:4
LH:4
BRF:0
BRH:0
end_of_record
